This file contains any messages produced by compilers while
running configure, to aid debugging if configure makes a mistake.

It was created by global configure 1, which was
generated by GNU Autoconf 2.69.  Invocation command line was

  $ ./configure --prefix=/home/gpertea/stringtie2/SuperReads_RNA --bindir=/home/gpertea/stringtie2/SuperReads_RNA/bin --libdir=/home/gpertea/stringtie2/SuperReads_RNA/lib

## --------- ##
## Platform. ##
## --------- ##

hostname = oldjinx
uname -m = x86_64
uname -r = 5.1.3-1-ck-sandybridge
uname -s = Linux
uname -v = #1 SMP PREEMPT Thu May 16 18:05:23 EDT 2019

/usr/bin/uname -p = unknown
/bin/uname -X     = unknown

/bin/arch              = unknown
/usr/bin/arch -k       = unknown
/usr/convex/getsysinfo = unknown
/usr/bin/hostinfo      = unknown
/bin/machine           = unknown
/usr/bin/oslevel       = unknown
/bin/universe          = unknown

PATH: /ccb/sw/perl/bin
PATH: /ccb/sw/packages/blat
PATH: /ccb/sw/packages/glimmer/bin
PATH: /ccb/sw/packages/bowtie2
PATH: /ccb/sw/packages/edirect
PATH: /ccb/sw/packages/ncbi-blast/bin
PATH: /ccb/sw/packages/ncbi_cxx
PATH: /ccb/sw/packages/ncbi/build
PATH: /home/gpertea/gscripts
PATH: /home/gpertea/bin
PATH: /home/gpertea/.local/bin
PATH: /ccb/sw/bin
PATH: /ccb/sw/perl/bin
PATH: /ccb/sw/python/bin
PATH: /ccb/sw/packages/ncbi-blast/bin
PATH: /mylocal/geo/bin
PATH: /usr/local/sbin
PATH: /usr/local/bin
PATH: /usr/bin
PATH: /opt/android-sdk/platform-tools
PATH: /usr/lib/jvm/default/bin
PATH: /usr/bin/site_perl
PATH: /usr/bin/vendor_perl
PATH: /usr/bin/core_perl
PATH: /home/gpertea/stringtie2/SuperReads_RNA/dist-bin


## ----------- ##
## Core tests. ##
## ----------- ##

configure:2659: checking build system type
configure:2673: result: x86_64-pc-linux-gnu
configure:2693: checking host system type
configure:2706: result: x86_64-pc-linux-gnu
configure:2743: checking for a BSD-compatible install
configure:2811: result: /usr/bin/install -c
configure:2822: checking whether build environment is sane
configure:2877: result: yes
configure:3026: checking for a thread-safe mkdir -p
configure:3065: result: /usr/bin/mkdir -p
configure:3072: checking for gawk
configure:3088: found /usr/bin/gawk
configure:3099: result: gawk
configure:3110: checking whether make sets $(MAKE)
configure:3132: result: yes
configure:3161: checking whether make supports nested variables
configure:3178: result: yes
configure:3315: checking whether make supports nested variables
configure:3332: result: yes
configure:3392: checking how to print strings
configure:3419: result: printf
configure:3444: checking whether make supports the include directive
configure:3459: make -f confmf.GNU && cat confinc.out
this is the am__doit target
configure:3462: $? = 0
configure:3481: result: yes (GNU style)
configure:3551: checking for gcc
configure:3567: found /usr/bin/gcc
configure:3578: result: gcc
configure:3807: checking for C compiler version
configure:3816: gcc --version >&5
gcc (GCC) 8.3.0
Copyright (C) 2018 Free Software Foundation, Inc.
This is free software; see the source for copying conditions.  There is NO
warranty; not even for MERCHANTABILITY or FITNESS FOR A PARTICULAR PURPOSE.

configure:3827: $? = 0
configure:3816: gcc -v >&5
Using built-in specs.
COLLECT_GCC=gcc
COLLECT_LTO_WRAPPER=/usr/lib/gcc/x86_64-pc-linux-gnu/8.3.0/lto-wrapper
Target: x86_64-pc-linux-gnu
Configured with: /build/gcc/src/gcc/configure --prefix=/usr --libdir=/usr/lib --libexecdir=/usr/lib --mandir=/usr/share/man --infodir=/usr/share/info --with-bugurl=https://bugs.archlinux.org/ --enable-languages=c,c++,ada,fortran,go,lto,objc,obj-c++ --enable-shared --enable-threads=posix --enable-libmpx --with-system-zlib --with-isl --enable-__cxa_atexit --disable-libunwind-exceptions --enable-clocale=gnu --disable-libstdcxx-pch --disable-libssp --enable-gnu-unique-object --enable-linker-build-id --enable-lto --enable-plugin --enable-install-libiberty --with-linker-hash-style=gnu --enable-gnu-indirect-function --enable-multilib --disable-werror --enable-checking=release --enable-default-pie --enable-default-ssp --enable-cet=auto
Thread model: posix
gcc version 8.3.0 (GCC) 
configure:3827: $? = 0
configure:3816: gcc -V >&5
gcc: error: unrecognized command line option '-V'
gcc: fatal error: no input files
compilation terminated.
configure:3827: $? = 1
configure:3816: gcc -qversion >&5
gcc: error: unrecognized command line option '-qversion'; did you mean '--version'?
gcc: fatal error: no input files
compilation terminated.
configure:3827: $? = 1
configure:3847: checking whether the C compiler works
configure:3869: gcc    conftest.c  >&5
configure:3873: $? = 0
configure:3921: result: yes
configure:3924: checking for C compiler default output file name
configure:3926: result: a.out
configure:3932: checking for suffix of executables
configure:3939: gcc -o conftest    conftest.c  >&5
configure:3943: $? = 0
configure:3965: result: 
configure:3987: checking whether we are cross compiling
configure:3995: gcc -o conftest    conftest.c  >&5
configure:3999: $? = 0
configure:4006: ./conftest
configure:4010: $? = 0
configure:3998: result: no
configure:4003: checking for suffix of object files
configure:4025: gcc -c   conftest.c >&5
configure:4029: $? = 0
configure:4050: result: o
configure:4054: checking whether we are using the GNU C compiler
configure:4073: gcc -c   conftest.c >&5
configure:4073: $? = 0
configure:4082: result: yes
configure:4091: checking whether gcc accepts -g
configure:4111: gcc -c -g  conftest.c >&5
configure:4111: $? = 0
configure:4152: result: yes
configure:4169: checking for gcc option to accept ISO C89
configure:4232: gcc  -c -g -O2  conftest.c >&5
configure:4232: $? = 0
configure:4245: result: none needed
configure:4270: checking whether gcc understands -c and -o together
configure:4292: gcc -c conftest.c -o conftest2.o
configure:4295: $? = 0
configure:4292: gcc -c conftest.c -o conftest2.o
configure:4295: $? = 0
configure:4307: result: yes
configure:4326: checking dependency style of gcc
configure:4437: result: gcc3
configure:4452: checking for a sed that does not truncate output
configure:4516: result: /usr/bin/sed
configure:4534: checking for grep that handles long lines and -e
configure:4592: result: /usr/bin/grep
configure:4597: checking for egrep
configure:4659: result: /usr/bin/grep -E
configure:4664: checking for fgrep
configure:4726: result: /usr/bin/grep -F
configure:4761: checking for ld used by gcc
configure:4828: result: /usr/bin/ld
configure:4835: checking if the linker (/usr/bin/ld) is GNU ld
configure:4850: result: yes
configure:4862: checking for BSD- or MS-compatible name lister (nm)
configure:4916: result: /usr/bin/nm -B
configure:5046: checking the name lister (/usr/bin/nm -B) interface
configure:5053: gcc -c -g -O2  conftest.c >&5
configure:5056: /usr/bin/nm -B "conftest.o"
configure:5059: output
0000000000000000 B some_variable
configure:5060: result: BSD nm
configure:5063: checking whether ln -s works
configure:5067: result: yes
configure:5075: checking the maximum length of command line arguments
configure:5206: result: 1572864
configure:5254: checking how to convert x86_64-pc-linux-gnu file names to x86_64-pc-linux-gnu format
configure:5294: result: func_convert_file_noop
configure:5301: checking how to convert x86_64-pc-linux-gnu file names to toolchain format
configure:5321: result: func_convert_file_noop
configure:5328: checking for /usr/bin/ld option to reload object files
configure:5335: result: -r
configure:5409: checking for objdump
configure:5425: found /usr/bin/objdump
configure:5436: result: objdump
configure:5468: checking how to recognize dependent libraries
configure:5668: result: pass_all
configure:5753: checking for dlltool
configure:5783: result: no
configure:5813: checking how to associate runtime and link libraries
configure:5840: result: printf %s\n
configure:5901: checking for ar
configure:5917: found /usr/bin/ar
configure:5928: result: ar
configure:5981: checking for archiver @FILE support
configure:5998: gcc -c -g -O2  conftest.c >&5
configure:5998: $? = 0
configure:6001: ar cr libconftest.a @conftest.lst >&5
configure:6004: $? = 0
configure:6009: ar cr libconftest.a @conftest.lst >&5
ar: conftest.o: No such file or directory
configure:6012: $? = 1
configure:6011: result: @
configure:6069: checking for strip
configure:6085: found /usr/bin/strip
configure:6096: result: strip
configure:6168: checking for ranlib
configure:6184: found /usr/bin/ranlib
configure:6195: result: ranlib
configure:6297: checking command to parse /usr/bin/nm -B output from gcc object
configure:6450: gcc -c -g -O2  conftest.c >&5
configure:6453: $? = 0
configure:6457: /usr/bin/nm -B conftest.o \| sed -n -e 's/^.*[ ]\([ABCDGIRSTW][ABCDGIRSTW]*\)[ ][ ]*\([_A-Za-z][_A-Za-z0-9]*\)$/\1 \2 \2/p' | sed '/ __gnu_lto/d' \> conftest.nm
configure:6460: $? = 0
configure:6526: gcc -o conftest -g -O2   conftest.c conftstm.o >&5
configure:6529: $? = 0
configure:6567: result: ok
configure:6614: checking for sysroot
configure:6644: result: no
configure:6651: checking for a working dd
configure:6689: result: /usr/bin/dd
configure:6693: checking how to truncate binary pipes
configure:6708: result: /usr/bin/dd bs=4096 count=1
configure:6844: gcc -c -g -O2  conftest.c >&5
configure:6847: $? = 0
configure:7037: checking for mt
configure:7067: result: no
configure:7087: checking if : is a manifest tool
configure:7093: : '-?'
configure:7101: result: no
configure:7778: checking how to run the C preprocessor
configure:7809: gcc -E  conftest.c
configure:7809: $? = 0
configure:7823: gcc -E  conftest.c
conftest.c:11:10: fatal error: ac_nonexistent.h: No such file or directory
 #include <ac_nonexistent.h>
          ^~~~~~~~~~~~~~~~~~
compilation terminated.
configure:7823: $? = 1
configure: failed program was:
| /* confdefs.h */
| #define PACKAGE_NAME "global"
| #define PACKAGE_TARNAME "global"
| #define PACKAGE_VERSION "1"
| #define PACKAGE_STRING "global 1"
| #define PACKAGE_BUGREPORT "gmarcais@umd.edu"
| #define PACKAGE_URL ""
| #define PACKAGE "global"
| #define VERSION "1"
| /* end confdefs.h.  */
| #include <ac_nonexistent.h>
configure:7848: result: gcc -E
configure:7868: gcc -E  conftest.c
configure:7868: $? = 0
configure:7882: gcc -E  conftest.c
conftest.c:11:10: fatal error: ac_nonexistent.h: No such file or directory
 #include <ac_nonexistent.h>
          ^~~~~~~~~~~~~~~~~~
compilation terminated.
configure:7882: $? = 1
configure: failed program was:
| /* confdefs.h */
| #define PACKAGE_NAME "global"
| #define PACKAGE_TARNAME "global"
| #define PACKAGE_VERSION "1"
| #define PACKAGE_STRING "global 1"
| #define PACKAGE_BUGREPORT "gmarcais@umd.edu"
| #define PACKAGE_URL ""
| #define PACKAGE "global"
| #define VERSION "1"
| /* end confdefs.h.  */
| #include <ac_nonexistent.h>
configure:7911: checking for ANSI C header files
configure:7931: gcc -c -g -O2  conftest.c >&5
configure:7931: $? = 0
configure:8004: gcc -o conftest -g -O2   conftest.c  >&5
configure:8004: $? = 0
configure:8004: ./conftest
configure:8004: $? = 0
configure:8015: result: yes
configure:8028: checking for sys/types.h
configure:8028: gcc -c -g -O2  conftest.c >&5
configure:8028: $? = 0
configure:8028: result: yes
configure:8028: checking for sys/stat.h
configure:8028: gcc -c -g -O2  conftest.c >&5
configure:8028: $? = 0
configure:8028: result: yes
configure:8028: checking for stdlib.h
configure:8028: gcc -c -g -O2  conftest.c >&5
configure:8028: $? = 0
configure:8028: result: yes
configure:8028: checking for string.h
configure:8028: gcc -c -g -O2  conftest.c >&5
configure:8028: $? = 0
configure:8028: result: yes
configure:8028: checking for memory.h
configure:8028: gcc -c -g -O2  conftest.c >&5
configure:8028: $? = 0
configure:8028: result: yes
configure:8028: checking for strings.h
configure:8028: gcc -c -g -O2  conftest.c >&5
configure:8028: $? = 0
configure:8028: result: yes
configure:8028: checking for inttypes.h
configure:8028: gcc -c -g -O2  conftest.c >&5
configure:8028: $? = 0
configure:8028: result: yes
configure:8028: checking for stdint.h
configure:8028: gcc -c -g -O2  conftest.c >&5
configure:8028: $? = 0
configure:8028: result: yes
configure:8028: checking for unistd.h
configure:8028: gcc -c -g -O2  conftest.c >&5
configure:8028: $? = 0
configure:8028: result: yes
configure:8042: checking for dlfcn.h
configure:8042: gcc -c -g -O2  conftest.c >&5
configure:8042: $? = 0
configure:8042: result: yes
configure:8298: checking for objdir
configure:8313: result: .libs
configure:8577: checking if gcc supports -fno-rtti -fno-exceptions
configure:8595: gcc -c -g -O2  -fno-rtti -fno-exceptions conftest.c >&5
cc1: warning: command line option '-fno-rtti' is valid for C++/ObjC++ but not for C
configure:8599: $? = 0
configure:8612: result: no
configure:8970: checking for gcc option to produce PIC
configure:8977: result: -fPIC -DPIC
configure:8985: checking if gcc PIC flag -fPIC -DPIC works
configure:9003: gcc -c -g -O2  -fPIC -DPIC -DPIC conftest.c >&5
configure:9007: $? = 0
configure:9020: result: yes
configure:9049: checking if gcc static flag -static works
configure:9077: result: yes
configure:9092: checking if gcc supports -c -o file.o
configure:9113: gcc -c -g -O2  -o out/conftest2.o conftest.c >&5
configure:9117: $? = 0
configure:9139: result: yes
configure:9147: checking if gcc supports -c -o file.o
configure:9194: result: yes
configure:9227: checking whether the gcc linker (/usr/bin/ld -m elf_x86_64) supports shared libraries
configure:10488: result: yes
configure:10525: checking whether -lc should be explicitly linked in
configure:10533: gcc -c -g -O2  conftest.c >&5
configure:10536: $? = 0
configure:10551: gcc -shared  -fPIC -DPIC conftest.o  -v -Wl,-soname -Wl,conftest -o conftest 2\>\&1 \| /usr/bin/grep  -lc  \>/dev/null 2\>\&1
configure:10554: $? = 0
configure:10568: result: no
configure:10728: checking dynamic linker characteristics
configure:11309: gcc -o conftest -g -O2   -Wl,-rpath -Wl,/foo conftest.c  >&5
configure:11309: $? = 0
configure:11546: result: GNU/Linux ld.so
configure:11668: checking how to hardcode library paths into programs
configure:11693: result: immediate
configure:12241: checking whether stripping libraries is possible
configure:12250: result: yes
configure:12292: checking if libtool supports shared libraries
configure:12294: result: yes
configure:12297: checking whether to build shared libraries
configure:12322: result: yes
configure:12325: checking whether to build static libraries
configure:12329: result: yes
configure:9206: checking for gcc
configure:9233: result: gcc
configure:9462: checking for C compiler version
configure:9471: gcc --version >&5
gcc (GCC) 8.3.0
Copyright (C) 2018 Free Software Foundation, Inc.
This is free software; see the source for copying conditions.  There is NO
warranty; not even for MERCHANTABILITY or FITNESS FOR A PARTICULAR PURPOSE.

configure:9482: $? = 0
configure:9471: gcc -v >&5
Using built-in specs.
COLLECT_GCC=gcc
COLLECT_LTO_WRAPPER=/usr/lib/gcc/x86_64-pc-linux-gnu/8.3.0/lto-wrapper
Target: x86_64-pc-linux-gnu
Configured with: /build/gcc/src/gcc/configure --prefix=/usr --libdir=/usr/lib --libexecdir=/usr/lib --mandir=/usr/share/man --infodir=/usr/share/info --with-bugurl=https://bugs.archlinux.org/ --enable-languages=c,c++,ada,fortran,go,lto,objc,obj-c++ --enable-shared --enable-threads=posix --enable-libmpx --with-system-zlib --with-isl --enable-__cxa_atexit --disable-libunwind-exceptions --enable-clocale=gnu --disable-libstdcxx-pch --disable-libssp --enable-gnu-unique-object --enable-linker-build-id --enable-lto --enable-plugin --enable-install-libiberty --with-linker-hash-style=gnu --enable-gnu-indirect-function --enable-multilib --disable-werror --enable-checking=release --enable-default-pie --enable-default-ssp --enable-cet=auto
Thread model: posix
gcc version 8.3.0 (GCC) 
configure:9482: $? = 0
configure:9471: gcc -V >&5
gcc: error: unrecognized command line option '-V'
gcc: fatal error: no input files
compilation terminated.
configure:9482: $? = 1
configure:9471: gcc -qversion >&5
gcc: error: unrecognized command line option '-qversion'; did you mean '--version'?
gcc: fatal error: no input files
compilation terminated.
configure:9482: $? = 1
configure:9486: checking whether we are using the GNU C compiler
configure:9514: result: yes
configure:9523: checking whether gcc accepts -g
configure:9584: result: yes
configure:9601: checking for gcc option to accept ISO C89
configure:9677: result: none needed
configure:9702: checking whether gcc understands -c and -o together
configure:9739: result: yes
configure:9758: checking dependency style of gcc
configure:9869: result: gcc3
configure:9942: checking for g++
configure:9958: found /usr/bin/g++
configure:9969: result: g++
configure:9996: checking for C++ compiler version
configure:10005: g++ --version >&5
g++ (GCC) 8.3.0
Copyright (C) 2018 Free Software Foundation, Inc.
This is free software; see the source for copying conditions.  There is NO
warranty; not even for MERCHANTABILITY or FITNESS FOR A PARTICULAR PURPOSE.

configure:10016: $? = 0
configure:10005: g++ -v >&5
Using built-in specs.
COLLECT_GCC=g++
COLLECT_LTO_WRAPPER=/usr/lib/gcc/x86_64-pc-linux-gnu/8.3.0/lto-wrapper
Target: x86_64-pc-linux-gnu
Configured with: /build/gcc/src/gcc/configure --prefix=/usr --libdir=/usr/lib --libexecdir=/usr/lib --mandir=/usr/share/man --infodir=/usr/share/info --with-bugurl=https://bugs.archlinux.org/ --enable-languages=c,c++,ada,fortran,go,lto,objc,obj-c++ --enable-shared --enable-threads=posix --enable-libmpx --with-system-zlib --with-isl --enable-__cxa_atexit --disable-libunwind-exceptions --enable-clocale=gnu --disable-libstdcxx-pch --disable-libssp --enable-gnu-unique-object --enable-linker-build-id --enable-lto --enable-plugin --enable-install-libiberty --with-linker-hash-style=gnu --enable-gnu-indirect-function --enable-multilib --disable-werror --enable-checking=release --enable-default-pie --enable-default-ssp --enable-cet=auto
Thread model: posix
gcc version 8.3.0 (GCC) 
configure:10016: $? = 0
configure:10005: g++ -V >&5
g++: error: unrecognized command line option '-V'
g++: fatal error: no input files
compilation terminated.
configure:10016: $? = 1
configure:10005: g++ -qversion >&5
g++: error: unrecognized command line option '-qversion'; did you mean '--version'?
g++: fatal error: no input files
compilation terminated.
configure:10016: $? = 1
configure:10020: checking whether we are using the GNU C++ compiler
configure:10039: g++ -c   conftest.cpp >&5
configure:10039: $? = 0
configure:10048: result: yes
configure:10057: checking whether g++ accepts -g
configure:10077: g++ -c -g  conftest.cpp >&5
configure:10077: $? = 0
configure:10118: result: yes
configure:10143: checking dependency style of g++
configure:10254: result: gcc3
configure:10287: checking how to run the C++ preprocessor
configure:10314: g++ -E  conftest.cpp
configure:10314: $? = 0
configure:10328: g++ -E  conftest.cpp
conftest.cpp:23:10: fatal error: ac_nonexistent.h: No such file or directory
 #include <ac_nonexistent.h>
          ^~~~~~~~~~~~~~~~~~
compilation terminated.
configure:10328: $? = 1
configure: failed program was:
| /* confdefs.h */
| #define PACKAGE_NAME "global"
| #define PACKAGE_TARNAME "global"
| #define PACKAGE_VERSION "1"
| #define PACKAGE_STRING "global 1"
| #define PACKAGE_BUGREPORT "gmarcais@umd.edu"
| #define PACKAGE_URL ""
| #define PACKAGE "global"
| #define VERSION "1"
| #define STDC_HEADERS 1
| #define HAVE_SYS_TYPES_H 1
| #define HAVE_SYS_STAT_H 1
| #define HAVE_STDLIB_H 1
| #define HAVE_STRING_H 1
| #define HAVE_MEMORY_H 1
| #define HAVE_STRINGS_H 1
| #define HAVE_INTTYPES_H 1
| #define HAVE_STDINT_H 1
| #define HAVE_UNISTD_H 1
| #define HAVE_DLFCN_H 1
| #define LT_OBJDIR ".libs/"
| /* end confdefs.h.  */
| #include <ac_nonexistent.h>
configure:10353: result: g++ -E
configure:10373: g++ -E  conftest.cpp
configure:10373: $? = 0
configure:10387: g++ -E  conftest.cpp
conftest.cpp:23:10: fatal error: ac_nonexistent.h: No such file or directory
 #include <ac_nonexistent.h>
          ^~~~~~~~~~~~~~~~~~
compilation terminated.
configure:10387: $? = 1
configure: failed program was:
| /* confdefs.h */
| #define PACKAGE_NAME "global"
| #define PACKAGE_TARNAME "global"
| #define PACKAGE_VERSION "1"
| #define PACKAGE_STRING "global 1"
| #define PACKAGE_BUGREPORT "gmarcais@umd.edu"
| #define PACKAGE_URL ""
| #define PACKAGE "global"
| #define VERSION "1"
| #define STDC_HEADERS 1
| #define HAVE_SYS_TYPES_H 1
| #define HAVE_SYS_STAT_H 1
| #define HAVE_STDLIB_H 1
| #define HAVE_STRING_H 1
| #define HAVE_MEMORY_H 1
| #define HAVE_STRINGS_H 1
| #define HAVE_INTTYPES_H 1
| #define HAVE_STDINT_H 1
| #define HAVE_UNISTD_H 1
| #define HAVE_DLFCN_H 1
| #define LT_OBJDIR ".libs/"
| /* end confdefs.h.  */
| #include <ac_nonexistent.h>
configure:10549: checking for ld used by g++
configure:10616: result: /usr/bin/ld -m elf_x86_64
configure:10623: checking if the linker (/usr/bin/ld -m elf_x86_64) is GNU ld
configure:10638: result: yes
configure:10693: checking whether the g++ linker (/usr/bin/ld -m elf_x86_64) supports shared libraries
configure:11767: result: yes
configure:11803: g++ -c -g -O2  conftest.cpp >&5
configure:11806: $? = 0
configure:12287: checking for g++ option to produce PIC
configure:12294: result: -fPIC -DPIC
configure:12302: checking if g++ PIC flag -fPIC -DPIC works
configure:12320: g++ -c -g -O2  -fPIC -DPIC -DPIC conftest.cpp >&5
configure:12324: $? = 0
configure:12337: result: yes
configure:12360: checking if g++ static flag -static works
configure:12388: result: yes
configure:12400: checking if g++ supports -c -o file.o
configure:12421: g++ -c -g -O2  -o out/conftest2.o conftest.cpp >&5
configure:12425: $? = 0
configure:12447: result: yes
configure:12452: checking if g++ supports -c -o file.o
configure:12499: result: yes
configure:12529: checking whether the g++ linker (/usr/bin/ld -m elf_x86_64) supports shared libraries
configure:12569: result: yes
configure:12710: checking dynamic linker characteristics
configure:13455: result: GNU/Linux ld.so
configure:13520: checking how to hardcode library paths into programs
configure:13545: result: immediate
configure:12442: checking for pthread_create in -lpthread
configure:12467: g++ -o conftest -DNDEBUG -std=c++0x -g -O2   conftest.cpp -lpthread   >&5
configure:12467: $? = 0
configure:12476: result: yes
configure:12487: checking for library containing clock_gettime
configure:12518: g++ -o conftest -DNDEBUG -std=c++0x -g -O2   conftest.cpp -lpthread  >&5
configure:12518: $? = 0
configure:12535: result: none required
configure:12553: checking for __int128
configure:12553: g++ -c -DNDEBUG -std=c++0x -g -O2  conftest.cpp >&5
configure:12553: $? = 0
configure:12553: g++ -c -DNDEBUG -std=c++0x -g -O2  conftest.cpp >&5
conftest.cpp: In function 'int main()':
conftest.cpp:61:14: error: expected primary-expression before '__int128'
 if (sizeof ((__int128)))
              ^~~~~~~~
conftest.cpp:61:14: error: expected ')' before '__int128'
 if (sizeof ((__int128)))
             ~^~~~~~~~
              )
conftest.cpp:62:14: error: expected ')' before ';' token
      return 0;
              ^
              )
conftest.cpp:61:12: note: to match this '('
 if (sizeof ((__int128)))
            ^
conftest.cpp:62:14: error: expected ')' before ';' token
      return 0;
              ^
              )
conftest.cpp:61:4: note: to match this '('
 if (sizeof ((__int128)))
    ^
configure:12553: $? = 1
configure: failed program was:
| /* confdefs.h */
| #define PACKAGE_NAME "global"
| #define PACKAGE_TARNAME "global"
| #define PACKAGE_VERSION "1"
| #define PACKAGE_STRING "global 1"
| #define PACKAGE_BUGREPORT "gmarcais@umd.edu"
| #define PACKAGE_URL ""
| #define PACKAGE "global"
| #define VERSION "1"
| #define STDC_HEADERS 1
| #define HAVE_SYS_TYPES_H 1
| #define HAVE_SYS_STAT_H 1
| #define HAVE_STDLIB_H 1
| #define HAVE_STRING_H 1
| #define HAVE_MEMORY_H 1
| #define HAVE_STRINGS_H 1
| #define HAVE_INTTYPES_H 1
| #define HAVE_STDINT_H 1
| #define HAVE_UNISTD_H 1
| #define HAVE_DLFCN_H 1
| #define LT_OBJDIR ".libs/"
| #define HAVE_LIBPTHREAD 1
| #define HAVE_CLOCK_GETTIME 1
| /* end confdefs.h.  */
| #include <stdio.h>
| #ifdef HAVE_SYS_TYPES_H
| # include <sys/types.h>
| #endif
| #ifdef HAVE_SYS_STAT_H
| # include <sys/stat.h>
| #endif
| #ifdef STDC_HEADERS
| # include <stdlib.h>
| # include <stddef.h>
| #else
| # ifdef HAVE_STDLIB_H
| #  include <stdlib.h>
| # endif
| #endif
| #ifdef HAVE_STRING_H
| # if !defined STDC_HEADERS && defined HAVE_MEMORY_H
| #  include <memory.h>
| # endif
| # include <string.h>
| #endif
| #ifdef HAVE_STRINGS_H
| # include <strings.h>
| #endif
| #ifdef HAVE_INTTYPES_H
| # include <inttypes.h>
| #endif
| #ifdef HAVE_STDINT_H
| # include <stdint.h>
| #endif
| #ifdef HAVE_UNISTD_H
| # include <unistd.h>
| #endif
| int
| main ()
| {
| if (sizeof ((__int128)))
| 	    return 0;
|   ;
|   return 0;
| }
configure:12553: result: yes
configure:12571: checking for OpenMP flag of C++ compiler
configure:12615: g++ -o conftest -DNDEBUG -std=c++0x -g -O2 -fopenmp   conftest.cpp -lpthread  >&5
configure:12615: $? = 0
configure:12624: result: -fopenmp
configure:12674: checking for _NSGetExecutablePath
configure:12687: g++ -o conftest -DNDEBUG -std=c++0x -g -O2   conftest.cpp -lpthread  >&5
conftest.cpp:27:10: fatal error: mach-o/dyld.h: No such file or directory
 #include <mach-o/dyld.h>
          ^~~~~~~~~~~~~~~
compilation terminated.
configure:12687: $? = 1
configure: failed program was:
| /* confdefs.h */
| #define PACKAGE_NAME "global"
| #define PACKAGE_TARNAME "global"
| #define PACKAGE_VERSION "1"
| #define PACKAGE_STRING "global 1"
| #define PACKAGE_BUGREPORT "gmarcais@umd.edu"
| #define PACKAGE_URL ""
| #define PACKAGE "global"
| #define VERSION "1"
| #define STDC_HEADERS 1
| #define HAVE_SYS_TYPES_H 1
| #define HAVE_SYS_STAT_H 1
| #define HAVE_STDLIB_H 1
| #define HAVE_STRING_H 1
| #define HAVE_MEMORY_H 1
| #define HAVE_STRINGS_H 1
| #define HAVE_INTTYPES_H 1
| #define HAVE_STDINT_H 1
| #define HAVE_UNISTD_H 1
| #define HAVE_DLFCN_H 1
| #define LT_OBJDIR ".libs/"
| #define HAVE_LIBPTHREAD 1
| #define HAVE_CLOCK_GETTIME 1
| #define HAVE_INT128 1
| #define HAVE_OPENMP 1
| /* end confdefs.h.  */
| #include <mach-o/dyld.h>
| int
| main ()
| {
| _NSGetExecutablePath(0, 0);
|   ;
|   return 0;
| }
configure:12694: result: no
configure:12702: checking if std::thread::sleep_for is supported
configure:12716: g++ -c -DNDEBUG -std=c++0x -g -O2  conftest.cpp >&5
configure:12716: $? = 0
configure:12717: result: yes
configure:12760: checking for stdlib.h
configure:12760: result: yes
configure:12760: checking for unistd.h
configure:12760: result: yes
configure:12760: checking for sys/param.h
configure:12760: g++ -c -DNDEBUG -std=c++0x -g -O2  conftest.cpp >&5
configure:12760: $? = 0
configure:12760: result: yes
configure:12780: checking for getpagesize
configure:12780: g++ -o conftest -DNDEBUG -std=c++0x -g -O2   conftest.cpp -lpthread  >&5
configure:12780: $? = 0
configure:12780: result: yes
configure:12789: checking for working mmap
configure:12936: g++ -o conftest -DNDEBUG -std=c++0x -g -O2   conftest.cpp -lpthread  >&5
configure:12936: $? = 0
configure:12936: ./conftest
configure:12936: $? = 0
configure:12946: result: yes
configure:12957: checking for mremap
configure:12957: g++ -o conftest -DNDEBUG -std=c++0x -g -O2   conftest.cpp -lpthread  >&5
configure:12957: $? = 0
configure:12957: result: yes
configure:12969: checking zlib.h usability
configure:12969: g++ -c -DNDEBUG -std=c++0x -g -O2  conftest.cpp >&5
configure:12969: $? = 0
configure:12969: result: yes
configure:12969: checking zlib.h presence
configure:12969: g++ -E  conftest.cpp
configure:12969: $? = 0
configure:12969: result: yes
configure:12969: checking for zlib.h
configure:12969: result: yes
configure:12980: checking for zlibVersion in -lz
configure:13005: g++ -o conftest -DNDEBUG -std=c++0x -g -O2   conftest.cpp -lz  -lpthread  >&5
configure:13005: $? = 0
configure:13014: result: yes
configure:13032: checking bzlib.h usability
configure:13032: g++ -c -DNDEBUG -std=c++0x -g -O2  conftest.cpp >&5
configure:13032: $? = 0
configure:13032: result: yes
configure:13032: checking bzlib.h presence
configure:13032: g++ -E  conftest.cpp
configure:13032: $? = 0
configure:13032: result: yes
configure:13032: checking for bzlib.h
configure:13032: result: yes
configure:13043: checking for BZ2_bzlibVersion in -lbz2
configure:13068: g++ -o conftest -DNDEBUG -std=c++0x -g -O2   conftest.cpp -lbz2  -lz -lpthread  >&5
configure:13068: $? = 0
configure:13077: result: yes
configure:13155: checking for pkg-config
configure:13173: found /usr/bin/pkg-config
configure:13185: result: /usr/bin/pkg-config
configure:13210: checking pkg-config is at least version 0.9.0
configure:13213: result: yes
configure:13319: checking for __builtin_prefetch
configure:13332: g++ -o conftest -DNDEBUG -std=c++0x -g -O2   conftest.cpp -lbz2 -lz -lpthread  >&5
configure:13332: $? = 0
configure:13333: result: yes
configure:13368: checking for architecture
configure:13392: result: Linux-amd64
configure:13425: checking for yaggo
configure:13456: result: false
configure:13630: checking for perl
configure:13648: found /usr/bin/perl
configure:13660: result: /usr/bin/perl
configure:13678: checking for Perl prefix
configure:13683: result: /usr
configure:13691: checking for Perl extension include path
configure:13696: result: /usr/lib/perl5/5.28/core_perl/CORE
configure:13704: checking for Perl extension target directory
configure:13709: result: $(libdir)/perl
configure:13717: checking for Perl extensions C preprocessor flags
configure:13722: result: -D_REENTRANT -D_GNU_SOURCE -fwrapv -fno-strict-aliasing -pipe -fstack-protector-strong -I/usr/local/include
configure:13730: checking for Perl extensions linker flags
configure:13743: result: -shared -Wl,-O1,--sort-common,--as-needed,-z,relro,-z,now -L/usr/local/lib -fstack-protector-strong
configure:13886: checking that generated files are newer than configure
configure:13892: result: done
configure:13963: creating ./config.status

## ---------------------- ##
## Running config.status. ##
## ---------------------- ##

This file was extended by global config.status 1, which was
generated by GNU Autoconf 2.69.  Invocation command line was

  CONFIG_FILES    = 
  CONFIG_HEADERS  = 
  CONFIG_LINKS    = 
  CONFIG_COMMANDS = 
  $ ./config.status 

on oldjinx

config.status:1208: creating Makefile
config.status:1208: creating jellyfish/jellyfish-2.0.pc
config.status:1208: creating ufasta/Makefile
config.status:1208: creating quorum/Makefile
config.status:1208: creating SuperReadsR/Makefile
config.status:1208: creating jellyfish/Makefile
config.status:1208: creating config.h
config.status:1389: config.h is unchanged
config.status:1437: executing depfiles commands
config.status:1514: cd ufasta       && sed -e '/# am--include-marker/d' Makefile         | make -f - am--depfiles
make: Nothing to be done for 'am--depfiles'.
config.status:1519: $? = 0
config.status:1514: cd quorum       && sed -e '/# am--include-marker/d' Makefile         | make -f - am--depfiles
make: Nothing to be done for 'am--depfiles'.
config.status:1519: $? = 0
config.status:1514: cd SuperReadsR       && sed -e '/# am--include-marker/d' Makefile         | make -f - am--depfiles
make: Nothing to be done for 'am--depfiles'.
config.status:1519: $? = 0
config.status:1514: cd jellyfish       && sed -e '/# am--include-marker/d' Makefile         | make -f - am--depfiles
make: Nothing to be done for 'am--depfiles'.
config.status:1519: $? = 0
config.status:1437: executing libtool commands

## ---------------- ##
## Cache variables. ##
## ---------------- ##

ac_cv_build=x86_64-pc-linux-gnu
ac_cv_c_compiler_gnu=yes
ac_cv_cxx_compiler_gnu=yes
ac_cv_env_CCC_set=
ac_cv_env_CCC_value=
ac_cv_env_CC_set=
ac_cv_env_CC_value=
ac_cv_env_CFLAGS_set=
ac_cv_env_CFLAGS_value=
ac_cv_env_CPPFLAGS_set=
ac_cv_env_CPPFLAGS_value=
ac_cv_env_CPP_set=
ac_cv_env_CPP_value=
ac_cv_env_CXXCPP_set=
ac_cv_env_CXXCPP_value=
ac_cv_env_CXXFLAGS_set=
ac_cv_env_CXXFLAGS_value=
ac_cv_env_CXX_set=
ac_cv_env_CXX_value=
ac_cv_env_LDFLAGS_set=
ac_cv_env_LDFLAGS_value=
ac_cv_env_LIBS_set=
ac_cv_env_LIBS_value=
ac_cv_env_LT_SYS_LIBRARY_PATH_set=
ac_cv_env_LT_SYS_LIBRARY_PATH_value=
ac_cv_env_PERL_EXT_CPPFLAGS_set=
ac_cv_env_PERL_EXT_CPPFLAGS_value=
ac_cv_env_PERL_EXT_INC_set=
ac_cv_env_PERL_EXT_INC_value=
ac_cv_env_PERL_EXT_LDFLAGS_set=
ac_cv_env_PERL_EXT_LDFLAGS_value=
ac_cv_env_PERL_EXT_LIB_set=
ac_cv_env_PERL_EXT_LIB_value=
ac_cv_env_PERL_EXT_PREFIX_set=
ac_cv_env_PERL_EXT_PREFIX_value=
ac_cv_env_PKG_CONFIG_LIBDIR_set=
ac_cv_env_PKG_CONFIG_LIBDIR_value=
ac_cv_env_PKG_CONFIG_PATH_set=set
ac_cv_env_PKG_CONFIG_PATH_value=/home/gpertea/stringtie2/SuperReads_RNA/lib/pkgconfig:
ac_cv_env_PKG_CONFIG_set=
ac_cv_env_PKG_CONFIG_value=
ac_cv_env_VALGRIND_CFLAGS_set=
ac_cv_env_VALGRIND_CFLAGS_value=
ac_cv_env_VALGRIND_LIBS_set=
ac_cv_env_VALGRIND_LIBS_value=
ac_cv_env_YAGGO_set=
ac_cv_env_YAGGO_value=
ac_cv_env_build_alias_set=
ac_cv_env_build_alias_value=
ac_cv_env_host_alias_set=
ac_cv_env_host_alias_value=
ac_cv_env_target_alias_set=
ac_cv_env_target_alias_value=
ac_cv_func_getpagesize=yes
ac_cv_func_mmap_fixed_mapped=yes
ac_cv_func_mremap=yes
ac_cv_header_bzlib_h=yes
ac_cv_header_dlfcn_h=yes
ac_cv_header_inttypes_h=yes
ac_cv_header_memory_h=yes
ac_cv_header_stdc=yes
ac_cv_header_stdint_h=yes
ac_cv_header_stdlib_h=yes
ac_cv_header_string_h=yes
ac_cv_header_strings_h=yes
ac_cv_header_sys_param_h=yes
ac_cv_header_sys_stat_h=yes
ac_cv_header_sys_types_h=yes
ac_cv_header_unistd_h=yes
ac_cv_header_zlib_h=yes
ac_cv_host=x86_64-pc-linux-gnu
ac_cv_lib_bz2_BZ2_bzlibVersion=yes
ac_cv_lib_pthread_pthread_create=yes
ac_cv_lib_z_zlibVersion=yes
ac_cv_objext=o
ac_cv_path_EGREP='/usr/bin/grep -E'
ac_cv_path_FGREP='/usr/bin/grep -F'
ac_cv_path_GREP=/usr/bin/grep
ac_cv_path_PERL=/usr/bin/perl
ac_cv_path_SED=/usr/bin/sed
ac_cv_path_YAGGO=false
ac_cv_path_ac_pt_PKG_CONFIG=/usr/bin/pkg-config
ac_cv_path_install='/usr/bin/install -c'
ac_cv_path_lt_DD=/usr/bin/dd
ac_cv_path_mkdir=/usr/bin/mkdir
ac_cv_prog_AWK=gawk
ac_cv_prog_CPP='gcc -E'
ac_cv_prog_CXXCPP='g++ -E'
ac_cv_prog_ac_ct_AR=ar
ac_cv_prog_ac_ct_CC=gcc
ac_cv_prog_ac_ct_CXX=g++
ac_cv_prog_ac_ct_OBJDUMP=objdump
ac_cv_prog_ac_ct_RANLIB=ranlib
ac_cv_prog_ac_ct_STRIP=strip
ac_cv_prog_cc_c89=
ac_cv_prog_cc_g=yes
ac_cv_prog_cxx_g=yes
ac_cv_prog_make_make_set=yes
ac_cv_search_clock_gettime='none required'
ac_cv_type___int128=yes
am_cv_CC_dependencies_compiler_type=gcc3
am_cv_CXX_dependencies_compiler_type=gcc3
am_cv_make_support_nested_variables=yes
am_cv_prog_cc_c_o=yes
ax_cv_cxx_openmp=-fopenmp
lt_cv_ar_at_file=@
lt_cv_archive_cmds_need_lc=no
lt_cv_deplibs_check_method=pass_all
lt_cv_file_magic_cmd='$MAGIC_CMD'
lt_cv_file_magic_test_file=
lt_cv_ld_reload_flag=-r
lt_cv_nm_interface='BSD nm'
lt_cv_objdir=.libs
lt_cv_path_LD=/usr/bin/ld
lt_cv_path_LDCXX='/usr/bin/ld -m elf_x86_64'
lt_cv_path_NM='/usr/bin/nm -B'
lt_cv_path_mainfest_tool=no
lt_cv_prog_compiler_c_o=yes
lt_cv_prog_compiler_c_o_CXX=yes
lt_cv_prog_compiler_pic='-fPIC -DPIC'
lt_cv_prog_compiler_pic_CXX='-fPIC -DPIC'
lt_cv_prog_compiler_pic_works=yes
lt_cv_prog_compiler_pic_works_CXX=yes
lt_cv_prog_compiler_rtti_exceptions=no
lt_cv_prog_compiler_static_works=yes
lt_cv_prog_compiler_static_works_CXX=yes
lt_cv_prog_gnu_ld=yes
lt_cv_prog_gnu_ldcxx=yes
lt_cv_sharedlib_from_linklib_cmd='printf %s\n'
lt_cv_shlibpath_overrides_runpath=no
lt_cv_sys_global_symbol_pipe='sed -n -e '\''s/^.*[	 ]\([ABCDGIRSTW][ABCDGIRSTW]*\)[	 ][	 ]*\([_A-Za-z][_A-Za-z0-9]*\)$/\1 \2 \2/p'\'' | sed '\''/ __gnu_lto/d'\'''
lt_cv_sys_global_symbol_to_c_name_address='sed -n -e '\''s/^: \(.*\) .*$/  {"\1", (void *) 0},/p'\'' -e '\''s/^[ABCDGIRSTW][ABCDGIRSTW]* .* \(.*\)$/  {"\1", (void *) \&\1},/p'\'''
lt_cv_sys_global_symbol_to_c_name_address_lib_prefix='sed -n -e '\''s/^: \(.*\) .*$/  {"\1", (void *) 0},/p'\'' -e '\''s/^[ABCDGIRSTW][ABCDGIRSTW]* .* \(lib.*\)$/  {"\1", (void *) \&\1},/p'\'' -e '\''s/^[ABCDGIRSTW][ABCDGIRSTW]* .* \(.*\)$/  {"lib\1", (void *) \&\1},/p'\'''
lt_cv_sys_global_symbol_to_cdecl='sed -n -e '\''s/^T .* \(.*\)$/extern int \1();/p'\'' -e '\''s/^[ABCDGIRSTW][ABCDGIRSTW]* .* \(.*\)$/extern char \1;/p'\'''
lt_cv_sys_global_symbol_to_import=
lt_cv_sys_max_cmd_len=1572864
lt_cv_to_host_file_cmd=func_convert_file_noop
lt_cv_to_tool_file_cmd=func_convert_file_noop
lt_cv_truncate_bin='/usr/bin/dd bs=4096 count=1'

## ----------------- ##
## Output variables. ##
## ----------------- ##

ACLOCAL='${SHELL} /home/gpertea/stringtie2/SuperReads_RNA/global-1/missing aclocal-1.16'
ALL_CXXFLAGS=''
AMDEPBACKSLASH='\'
AMDEP_FALSE='#'
AMDEP_TRUE=''
AMTAR='$${TAR-tar}'
AM_BACKSLASH='\'
AM_DEFAULT_V='$(AM_DEFAULT_VERBOSITY)'
AM_DEFAULT_VERBOSITY='0'
AM_V='$(V)'
AR='ar'
AUTOCONF='${SHELL} /home/gpertea/stringtie2/SuperReads_RNA/global-1/missing autoconf'
AUTOHEADER='${SHELL} /home/gpertea/stringtie2/SuperReads_RNA/global-1/missing autoheader'
AUTOMAKE='${SHELL} /home/gpertea/stringtie2/SuperReads_RNA/global-1/missing automake-1.16'
AWK='gawk'
CC='gcc'
CCDEPMODE='depmode=gcc3'
CFLAGS='-g -O2'
CPP='gcc -E'
CPPFLAGS=''
CURSES_LIB='0'
CXX='g++'
CXXCPP='g++ -E'
CXXDEPMODE='depmode=gcc3'
CXXFLAGS='-DNDEBUG -std=c++0x -g -O2'
CYGPATH_W='echo'
DEFS='-DHAVE_CONFIG_H'
DEPDIR='.deps'
DLLTOOL='false'
DSYMUTIL=''
DUMPBIN=''
ECHO_C=''
ECHO_N='-n'
ECHO_T=''
EGREP='/usr/bin/grep -E'
EXEEXT=''
EXTRA_CXXFLAGS='-std=c++0x -fopenmp'
FGREP='/usr/bin/grep -F'
GREP='/usr/bin/grep'
HAVE_BOOST_REGEX_FALSE=''
HAVE_BOOST_REGEX_TRUE='#'
HAVE_RELATIVE_JF_PATH_FALSE=''
HAVE_RELATIVE_JF_PATH_TRUE='#'
HAVE_SWIG_FALSE=''
HAVE_SWIG_TRUE='#'
INSTALL_DATA='${INSTALL} -m 644'
INSTALL_PROGRAM='${INSTALL}'
INSTALL_SCRIPT='${INSTALL}'
INSTALL_STRIP_PROGRAM='$(install_sh) -c -s'
JELLYFISH2_0_CFLAGS='-I$(includedir)/jellyfish-1'
JELLYFISH2_0_LIBS='-L$(libdir) -ljellyfish-2.0'
JELLYFISH='$(bindir)/jellyfish'
LD='/usr/bin/ld -m elf_x86_64'
LDFLAGS=''
LIBOBJS=''
LIBS='-lbz2 -lz -lpthread '
LIBTOOL='$(SHELL) $(top_builddir)/libtool'
LIPO=''
LN_S='ln -s'
LOCAL_NAME='Linux-amd64'
LTLIBOBJS=''
LT_SYS_LIBRARY_PATH=''
MACHINETYPE='amd64'
MAKEINFO='${SHELL} /home/gpertea/stringtie2/SuperReads_RNA/global-1/missing makeinfo'
MANIFEST_TOOL=':'
MAYBE_SWIG='swig'
MKDIR_P='/usr/bin/mkdir -p'
NM='/usr/bin/nm -B'
NMEDIT=''
OBJDUMP='objdump'
OBJEXT='o'
OSTYPE='Linux'
OSVERSION='5.1.3-1-ck-sandybridge'
OTOOL64=''
OTOOL=''
PACKAGE='global'
PACKAGE_BUGREPORT='gmarcais@umd.edu'
PACKAGE_NAME='global'
PACKAGE_STRING='global 1'
PACKAGE_TARNAME='global'
PACKAGE_URL=''
PACKAGE_VERSION='1'
PATH_SEPARATOR=':'
PERL='/usr/bin/perl'
PERL_BINDING_FALSE='#'
PERL_BINDING_TRUE=''
PERL_EXT_CPPFLAGS='-D_REENTRANT -D_GNU_SOURCE -fwrapv -fno-strict-aliasing -pipe -fstack-protector-strong -I/usr/local/include'
PERL_EXT_INC='/usr/lib/perl5/5.28/core_perl/CORE'
PERL_EXT_LDFLAGS='-shared -Wl,-O1,--sort-common,--as-needed,-z,relro,-z,now -L/usr/local/lib -fstack-protector-strong'
PERL_EXT_LIB='$(libdir)/perl'
PERL_EXT_PREFIX='/usr'
PKG_CONFIG='/usr/bin/pkg-config'
PKG_CONFIG_LIBDIR=''
PKG_CONFIG_PATH='/home/gpertea/stringtie2/SuperReads_RNA/lib/pkgconfig:'
PYTHON_BINDING_FALSE=''
PYTHON_BINDING_TRUE='#'
RANLIB='ranlib'
RELATIVE_PATHS_FALSE='#'
RELATIVE_PATHS_TRUE=''
RUBY_BINDING_FALSE=''
RUBY_BINDING_TRUE='#'
SAMTOOLS_CFLAGS='-I$(includedir)/samtools'
SAMTOOLS_LIBS='-L$(libdir) -lbam'
SED='/usr/bin/sed'
SET_MAKE=''
SHELL='/bin/sh'
SITE_BRI_FALSE=''
SITE_BRI_TRUE='#'
SITE_JCVI_FALSE=''
SITE_JCVI_TRUE='#'
SITE_LOCAL_FALSE='#'
SITE_LOCAL_TRUE=''
STRIP='strip'
SWIG=''
SWIG_LIB=''
VALGRIND_CFLAGS=''
VALGRIND_LIBS=''
VERSION='1'
YAGGO='false'
ac_ct_AR='ar'
ac_ct_CC='gcc'
ac_ct_CXX='g++'
ac_ct_DUMPBIN=''
am__EXEEXT_FALSE=''
am__EXEEXT_TRUE='#'
am__fastdepCC_FALSE='#'
am__fastdepCC_TRUE=''
am__fastdepCXX_FALSE='#'
am__fastdepCXX_TRUE=''
am__include='include'
am__isrc=''
am__leading_dot='.'
am__nodep='_no'
am__quote=''
am__tar='$${TAR-tar} chof - "$$tardir"'
am__untar='$${TAR-tar} xf -'
bindir='/home/gpertea/stringtie2/SuperReads_RNA/bin'
build='x86_64-pc-linux-gnu'
build_alias=''
build_cpu='x86_64'
build_os='linux-gnu'
build_vendor='pc'
datadir='${datarootdir}'
datarootdir='${prefix}/share'
docdir='${datarootdir}/doc/${PACKAGE_TARNAME}'
dvidir='${docdir}'
exec_prefix='${prefix}'
host='x86_64-pc-linux-gnu'
host_alias=''
host_cpu='x86_64'
host_os='linux-gnu'
host_vendor='pc'
htmldir='${docdir}'
includedir='${prefix}/include'
infodir='${datarootdir}/info'
install_sh='${SHELL} /home/gpertea/stringtie2/SuperReads_RNA/global-1/install-sh'
libdir='/home/gpertea/stringtie2/SuperReads_RNA/lib'
libexecdir='${exec_prefix}/libexec'
localedir='${datarootdir}/locale'
localstatedir='${prefix}/var'
mandir='${datarootdir}/man'
mkdir_p='$(MKDIR_P)'
oldincludedir='/usr/include'
pdfdir='${docdir}'
prefix='/home/gpertea/stringtie2/SuperReads_RNA'
program_transform_name='s,x,x,'
psdir='${docdir}'
sbindir='${exec_prefix}/sbin'
sharedstatedir='${prefix}/com'
sysconfdir='${prefix}/etc'
target_alias=''

## ----------- ##
## confdefs.h. ##
## ----------- ##

/* confdefs.h */
#define PACKAGE_NAME "global"
#define PACKAGE_TARNAME "global"
#define PACKAGE_VERSION "1"
#define PACKAGE_STRING "global 1"
#define PACKAGE_BUGREPORT "gmarcais@umd.edu"
#define PACKAGE_URL ""
#define PACKAGE "global"
#define VERSION "1"
#define STDC_HEADERS 1
#define HAVE_SYS_TYPES_H 1
#define HAVE_SYS_STAT_H 1
#define HAVE_STDLIB_H 1
#define HAVE_STRING_H 1
#define HAVE_MEMORY_H 1
#define HAVE_STRINGS_H 1
#define HAVE_INTTYPES_H 1
#define HAVE_STDINT_H 1
#define HAVE_UNISTD_H 1
#define HAVE_DLFCN_H 1
#define LT_OBJDIR ".libs/"
#define HAVE_LIBPTHREAD 1
#define HAVE_CLOCK_GETTIME 1
#define HAVE_INT128 1
#define HAVE_OPENMP 1
#define HAVE_STDLIB_H 1
#define HAVE_UNISTD_H 1
#define HAVE_SYS_PARAM_H 1
#define HAVE_GETPAGESIZE 1
#define HAVE_MMAP 1
#define HAVE_MREMAP 1
#define HAVE_LIBZ 1
#define HAVE_LIBBZ2 1
#define HAVE_BUILTIN_PREFETCH 1

configure: exit 0
